#
# A fatal error has been detected by the Java Runtime Environment:
#
#  EXCEPTION_STACK_OVERFLOW (0xc00000fd) at pc=0x00000000699ffe87, pid=6868, tid=6956
#
# JRE version: Java(TM) SE Runtime Environment (8.0_51-b16) (build 1.8.0_51-b16)
# Java VM: Java HotSpot(TM) 64-Bit Server VM (25.51-b03 mixed mode windows-amd64 compressed oops)
# Problematic frame:
# V  [jvm.dll+0x20fe87]
#
# Failed to write core dump. Minidumps are not enabled by default on client versions of Windows
#
# If you would like to submit a bug report, please visit:
#   http://bugreport.java.com/bugreport/crash.jsp
#

---------------  T H R E A D  ---------------

Current thread (0x00000000230b2000):  JavaThread "DisconnectableInputStream source reader" daemon [_thread_in_vm, id=6956, stack(0x0000000022ac0000,0x0000000022bc0000)]

siginfo: ExceptionCode=0xc00000fd, ExceptionInformation=0x0000000000000001 0x0000000022bbb1a0 

Registers:
RAX=0x0000000022bbb1a0, RBX=0x0000000000000005, RCX=0x0000000000004000, RDX=0x0000000000000006
RSP=0x0000000022bbf1a0, RBP=0x0000000000000000, RSI=0x0000000022bbf1a0, RDI=0x0000000000000005
R8 =0x0000000000000006, R9 =0x000000002725c920, R10=0x000000001767d358, R11=0x0000000022aca148
R12=0x000000002725c920, R13=0x00000000230b2000, R14=0x0000000022bbf268, R15=0x000000001767d358
RIP=0x00000000699ffe87, EFLAGS=0x0000000000010206

Top of Stack: (sp=0x0000000022bbf1a0)
0x0000000022bbf1a0:   000000002c053d00 0000000069764e7e
0x0000000022bbf1b0:   00000000230b2000 000000002725c920
0x0000000022bbf1c0:   00000000ffffffff 0000000069a00db7
0x0000000022bbf1d0:   0000000022bbf2d0 000000001767d358
0x0000000022bbf1e0:   00000000230b2000 00000000698aea33
0x0000000022bbf1f0:   0000000022bbf230 00000000230b2000
0x0000000022bbf200:   0000000022bbf2c0 00000000230b2000
0x0000000022bbf210:   000000001767d358 00000000230b2000
0x0000000022bbf220:   0000000003016e60 00000000230b2000
0x0000000022bbf230:   000000001767d358 00000000230b2000
0x0000000022bbf240:   000000001767d358 00000000230b2000
0x0000000022bbf250:   0000000000000001 000000001767d358
0x0000000022bbf260:   00000000230b2000 0000000022082a20
0x0000000022bbf270:   00000000230b2000 00000000698aff1d
0x0000000022bbf280:   0000000022bbf588 00000001000069a0
0x0000000022bbf290:   00000001000069a0 00007ffde553a96d 

Instructions: (pc=0x00000000699ffe87)
0x00000000699ffe67:   48 89 6c 24 30 33 ed 66 90 e8 db 35 08 00 ff c3
0x00000000699ffe77:   48 63 c8 48 8b c6 48 0f af cf 48 ff c7 48 2b c1
0x00000000699ffe87:   89 28 48 63 c3 48 3b 05 7d 67 58 00 7e db 48 8b
0x00000000699ffe97:   6c 24 30 48 8b 5c 24 38 48 8b 74 24 40 48 83 c4 


Register to memory mapping:

RAX=0x0000000022bbb1a0 is pointing into the stack for thread: 0x00000000230b2000
RBX=0x0000000000000005 is an unknown value
RCX=0x0000000000004000 is an unknown value
RDX=0x0000000000000006 is an unknown value
RSP=0x0000000022bbf1a0 is pointing into the stack for thread: 0x00000000230b2000
RBP=0x0000000000000000 is an unknown value
RSI=0x0000000022bbf1a0 is pointing into the stack for thread: 0x00000000230b2000
RDI=0x0000000000000005 is an unknown value
R8 =0x0000000000000006 is an unknown value
R9 =0x000000002725c920 is an unknown value
R10={method} {0x000000001767d360} 'run' '()V' in 'java/lang/Thread'
R11=0x0000000022aca148 is pointing into the stack for thread: 0x00000000230b2000
R12=0x000000002725c920 is an unknown value
R13=0x00000000230b2000 is a thread
R14=0x0000000022bbf268 is pointing into the stack for thread: 0x00000000230b2000
R15={method} {0x000000001767d360} 'run' '()V' in 'java/lang/Thread'


Stack: [0x0000000022ac0000,0x0000000022bc0000],  sp=0x0000000022bbf1a0,  free space=1020k
Native frames: (J=compiled Java code, j=interpreted, Vv=VM code, C=native code)


---------------  P R O C E S S  ---------------

Java Threads: ( => current thread )
  0x00000000230bc800 JavaThread "Forward streams with process: command 'E:\Java\jdk1.8.0_51\bin\java.exe' Thread 3" [_thread_in_native, id=6608, stack(0x0000000027e60000,0x0000000027f60000)]
  0x00000000230b5000 JavaThread "Forward streams with process: command 'E:\Java\jdk1.8.0_51\bin\java.exe' Thread 2" [_thread_in_native, id=7200, stack(0x0000000027d60000,0x0000000027e60000)]
  0x00000000230b1000 JavaThread "Forward streams with process: command 'E:\Java\jdk1.8.0_51\bin\java.exe'" [_thread_blocked, id=6040, stack(0x0000000024d00000,0x0000000024e00000)]
=>0x00000000230b2000 JavaThread "DisconnectableInputStream source reader" daemon [_thread_in_vm, id=6956, stack(0x0000000022ac0000,0x0000000022bc0000)]
  0x00000000230b4000 JavaThread "Run command 'E:\Java\jdk1.8.0_51\bin\java.exe'" [_thread_in_native, id=204, stack(0x000000001f9c0000,0x000000001fac0000)]
  0x00000000230be000 JavaThread "Forward streams with process: command 'E:\Java\jdk1.8.0_51\bin\java.exe' Thread 3" [_thread_in_native, id=6280, stack(0x000000002d010000,0x000000002d110000)]
  0x00000000230ba000 JavaThread "Forward streams with process: command 'E:\Java\jdk1.8.0_51\bin\java.exe' Thread 2" [_thread_in_native, id=1240, stack(0x000000002cf10000,0x000000002d010000)]
  0x00000000230bd000 JavaThread "Forward streams with process: command 'E:\Java\jdk1.8.0_51\bin\java.exe'" [_thread_blocked, id=4836, stack(0x000000002ce10000,0x000000002cf10000)]
  0x00000000230b2800 JavaThread "Run command 'E:\Java\jdk1.8.0_51\bin\java.exe'" [_thread_in_native, id=1760, stack(0x000000002a1c0000,0x000000002a2c0000)]
  0x00000000230b9800 JavaThread "Forward streams with process: command 'E:\Java\jdk1.8.0_51\bin\java.exe' Thread 3" [_thread_in_native, id=6736, stack(0x000000002ca10000,0x000000002cb10000)]
  0x00000000230b6800 JavaThread "Forward streams with process: command 'E:\Java\jdk1.8.0_51\bin\java.exe' Thread 2" [_thread_in_native, id=6892, stack(0x000000002c910000,0x000000002ca10000)]
  0x00000000230b8000 JavaThread "Forward streams with process: command 'E:\Java\jdk1.8.0_51\bin\java.exe'" [_thread_blocked, id=5136, stack(0x000000002c810000,0x000000002c910000)]
  0x00000000230b3800 JavaThread "Run command 'E:\Java\jdk1.8.0_51\bin\java.exe'" [_thread_in_native, id=6296, stack(0x0000000029fc0000,0x000000002a0c0000)]
  0x00000000230b8800 JavaThread "Forward streams with process: command 'E:\Java\jdk1.8.0_51\bin\java.exe' Thread 3" [_thread_in_native, id=7404, stack(0x000000002a2c0000,0x000000002a3c0000)]
  0x00000000230bb800 JavaThread "Forward streams with process: command 'E:\Java\jdk1.8.0_51\bin\java.exe' Thread 2" [_thread_in_native, id=7056, stack(0x000000002cc10000,0x000000002cd10000)]
  0x00000000230bb000 JavaThread "Forward streams with process: command 'E:\Java\jdk1.8.0_51\bin\java.exe'" [_thread_blocked, id=4164, stack(0x000000002cb10000,0x000000002cc10000)]
  0x00000000230b5800 JavaThread "Run command 'E:\Java\jdk1.8.0_51\bin\java.exe'" [_thread_in_native, id=1644, stack(0x000000002a0c0000,0x000000002a1c0000)]
  0x000000001f67a000 JavaThread "pool-10-thread-8" [_thread_blocked, id=6240, stack(0x0000000029ec0000,0x0000000029fc0000)]
  0x000000001f676000 JavaThread "pool-10-thread-7" [_thread_blocked, id=2552, stack(0x0000000029dc0000,0x0000000029ec0000)]
  0x000000001f674000 JavaThread "pool-10-thread-6" [_thread_blocked, id=7580, stack(0x0000000029cc0000,0x0000000029dc0000)]
  0x000000001f675800 JavaThread "pool-10-thread-5" [_thread_blocked, id=7712, stack(0x0000000029bc0000,0x0000000029cc0000)]
  0x000000001f66e800 JavaThread "pool-10-thread-4" [_thread_blocked, id=5328, stack(0x0000000029ac0000,0x0000000029bc0000)]
  0x0000000021f0d800 JavaThread "pool-10-thread-3" [_thread_blocked, id=7420, stack(0x00000000299c0000,0x0000000029ac0000)]
  0x0000000021f0c800 JavaThread "pool-10-thread-2" [_thread_blocked, id=3052, stack(0x0000000028c60000,0x0000000028d60000)]
  0x0000000021f0c000 JavaThread "pool-10-thread-1" [_thread_blocked, id=1480, stack(0x0000000028960000,0x0000000028a60000)]
  0x0000000021f03000 JavaThread "Cancel handler" [_thread_blocked, id=5556, stack(0x000000001cbd0000,0x000000001ccd0000)]
  0x0000000021f01800 JavaThread "Handler for socket connection from /127.0.0.1:57838 to /127.0.0.1:63492" [_thread_in_native, id=7660, stack(0x000000001cad0000,0x000000001cbd0000)]
  0x000000001df5f000 JavaThread "Daemon worker Thread 5" [_thread_in_native, id=5384, stack(0x000000001ccd0000,0x000000001cdd0000)]
  0x000000001df57800 JavaThread "Daemon Thread 5" [_thread_blocked, id=7648, stack(0x000000001c9d0000,0x000000001cad0000)]
  0x000000001f677000 JavaThread "pool-4-thread-2" [_thread_blocked, id=4628, stack(0x0000000028b60000,0x0000000028c60000)]
  0x000000001f679000 JavaThread "pool-4-thread-4" [_thread_blocked, id=2260, stack(0x0000000028a60000,0x0000000028b60000)]
  0x000000001f677800 JavaThread "pool-4-thread-1" [_thread_blocked, id=7604, stack(0x0000000026200000,0x0000000026300000)]
  0x000000001f671800 JavaThread "pool-4-thread-3" [_thread_blocked, id=8036, stack(0x000000001cdd0000,0x000000001ced0000)]
  0x000000001bb45000 JavaThread "File lock request listener" [_thread_in_native, id=7724, stack(0x000000001e4a0000,0x000000001e5a0000)]
  0x000000001b8a6800 JavaThread "Incoming local TCP Connector on port 57838" [_thread_in_native, id=8180, stack(0x000000001c3f0000,0x000000001c4f0000)]
  0x000000001a0da800 JavaThread "Service Thread" daemon [_thread_blocked, id=7092, stack(0x000000001aa20000,0x000000001ab20000)]
  0x000000001a0bb800 JavaThread "C1 CompilerThread3" daemon [_thread_blocked, id=6540, stack(0x000000001a920000,0x000000001aa20000)]
  0x000000001a0b5000 JavaThread "C2 CompilerThread2" daemon [_thread_blocked, id=5144, stack(0x000000001a820000,0x000000001a920000)]
  0x000000001a0b0000 JavaThread "C2 CompilerThread1" daemon [_thread_blocked, id=4940, stack(0x000000001a720000,0x000000001a820000)]
  0x000000001a0a5000 JavaThread "C2 CompilerThread0" daemon [_thread_blocked, id=1268, stack(0x000000001a620000,0x000000001a720000)]
  0x000000001a0a3800 JavaThread "Attach Listener" daemon [_thread_blocked, id=8040, stack(0x000000001a520000,0x000000001a620000)]
  0x000000001a0a2000 JavaThread "Signal Dispatcher" daemon [_thread_blocked, id=4108, stack(0x000000001a420000,0x000000001a520000)]
  0x0000000002fcb000 JavaThread "Finalizer" daemon [_thread_blocked, id=5992, stack(0x0000000019f20000,0x000000001a020000)]
  0x000000001803d800 JavaThread "Reference Handler" daemon [_thread_blocked, id=4304, stack(0x0000000019e20000,0x0000000019f20000)]
  0x0000000002ece000 JavaThread "main" [_thread_blocked, id=7484, stack(0x0000000002ce0000,0x0000000002de0000)]

Other Threads:
  0x0000000018039800 VMThread [stack: 0x0000000019d20000,0x0000000019e20000] [id=5772]
  0x000000001a0de000 WatcherThread [stack: 0x000000001ab20000,0x000000001ac20000] [id=6864]

VM state:not at safepoint (normal execution)

VM Mutex/Monitor currently owned by a thread: None

Heap:
 PSYoungGen      total 525824K, used 315487K [0x00000000d5580000, 0x00000000fe800000, 0x0000000100000000)
  eden space 382464K, 62% used [0x00000000d5580000,0x00000000e409c5f8,0x00000000ecb00000)
  from space 143360K, 52% used [0x00000000f5c00000,0x00000000fa4fb740,0x00000000fe800000)
  to   space 145920K, 0% used [0x00000000ecb00000,0x00000000ecb00000,0x00000000f5980000)
 ParOldGen       total 349696K, used 190903K [0x0000000080000000, 0x0000000095580000, 0x00000000d5580000)
  object space 349696K, 54% used [0x0000000080000000,0x000000008ba6df40,0x0000000095580000)
 Metaspace       used 84900K, capacity 89982K, committed 90240K, reserved 1128448K
  class space    used 10317K, capacity 11343K, committed 11392K, reserved 1048576K

Card table byte_map: [0x0000000012390000,0x00000000127a0000] byte_map_base: 0x0000000011f90000

Marking Bits: (ParMarkBitMap*) 0x0000000069ff4040
 Begin Bits: [0x0000000013250000, 0x0000000015250000)
 End Bits:   [0x0000000015250000, 0x0000000017250000)

Polling page: 0x0000000001250000

CodeCache: size=245760Kb used=89448Kb max_used=89584Kb free=156311Kb
 bounds [0x0000000002fd0000, 0x00000000087e0000, 0x0000000011fd0000]
 total_blobs=21813 nmethods=21011 adapters=710
 compilation: enabled

Compilation events (10 events):
Event: 1346.069 Thread 0x000000001a0bb800 29256       3       com.google.common.collect.Iterators::addAll (41 bytes)
Event: 1346.070 Thread 0x000000001a0bb800 nmethod 29256 0x0000000006fbec10 code [0x0000000006fbede0, 0x0000000006fbf4a8]
Event: 1346.076 Thread 0x000000001a0bb800 29255       3       com.google.common.collect.Lists::newArrayList (12 bytes)
Event: 1346.077 Thread 0x000000001a0bb800 nmethod 29255 0x0000000003b5da50 code [0x0000000003b5dbe0, 0x0000000003b5dfa8]
Event: 1346.113 Thread 0x000000001a0bb800 29257       1       org.gradle.logging.internal.StyledTextOutputEvent::getSpans (5 bytes)
Event: 1346.113 Thread 0x000000001a0bb800 nmethod 29257 0x0000000006fbe8d0 code [0x0000000006fbea20, 0x0000000006fbeb30]
Event: 1346.117 Thread 0x000000001a0bb800 29259       3       com.sun.org.apache.xerces.internal.util.XMLChar::isValidName (56 bytes)
Event: 1346.119 Thread 0x000000001a0bb800 nmethod 29259 0x00000000083ff2d0 code [0x00000000083ff4c0, 0x00000000083ffef8]
Event: 1346.119 Thread 0x000000001a0bb800 29258       3       com.sun.org.apache.xerces.internal.dom.CoreDocumentImpl::isXMLName (20 bytes)
Event: 1346.119 Thread 0x000000001a0bb800 nmethod 29258 0x0000000003c94e90 code [0x0000000003c95000, 0x0000000003c95218]

GC Heap History (10 events):
Event: 1277.559 GC heap before
{Heap before GC invocations=80 (full 10):
 PSYoungGen      total 498176K, used 346755K [0x00000000d5580000, 0x00000000ffe00000, 0x0000000100000000)
  eden space 323584K, 100% used [0x00000000d5580000,0x00000000e9180000,0x00000000e9180000)
  from space 174592K, 13% used [0x00000000e9180000,0x00000000ea820d20,0x00000000f3c00000)
  to   space 175104K, 0% used [0x00000000f5300000,0x00000000f5300000,0x00000000ffe00000)
 ParOldGen       total 349696K, used 190895K [0x0000000080000000, 0x0000000095580000, 0x00000000d5580000)
  object space 349696K, 54% used [0x0000000080000000,0x000000008ba6bf40,0x0000000095580000)
 Metaspace       used 84705K, capacity 89736K, committed 89984K, reserved 1128448K
  class space    used 10303K, capacity 11305K, committed 11392K, reserved 1048576K
Event: 1277.588 GC heap after
Heap after GC invocations=80 (full 10):
 PSYoungGen      total 513536K, used 51168K [0x00000000d5580000, 0x00000000ff400000, 0x0000000100000000)
  eden space 348672K, 0% used [0x00000000d5580000,0x00000000d5580000,0x00000000eaa00000)
  from space 164864K, 31% used [0x00000000f5300000,0x00000000f84f8030,0x00000000ff400000)
  to   space 168960K, 0% used [0x00000000eaa00000,0x00000000eaa00000,0x00000000f4f00000)
 ParOldGen       total 349696K, used 190895K [0x0000000080000000, 0x0000000095580000, 0x00000000d5580000)
  object space 349696K, 54% used [0x0000000080000000,0x000000008ba6bf40,0x0000000095580000)
 Metaspace       used 84705K, capacity 89736K, committed 89984K, reserved 1128448K
  class space    used 10303K, capacity 11305K, committed 11392K, reserved 1048576K
}
Event: 1284.713 GC heap before
{Heap before GC invocations=81 (full 10):
 PSYoungGen      total 513536K, used 399840K [0x00000000d5580000, 0x00000000ff400000, 0x0000000100000000)
  eden space 348672K, 100% used [0x00000000d5580000,0x00000000eaa00000,0x00000000eaa00000)
  from space 164864K, 31% used [0x00000000f5300000,0x00000000f84f8030,0x00000000ff400000)
  to   space 168960K, 0% used [0x00000000eaa00000,0x00000000eaa00000,0x00000000f4f00000)
 ParOldGen       total 349696K, used 190895K [0x0000000080000000, 0x0000000095580000, 0x00000000d5580000)
  object space 349696K, 54% used [0x0000000080000000,0x000000008ba6bf40,0x0000000095580000)
 Metaspace       used 84730K, capacity 89800K, committed 89984K, reserved 1128448K
  class space    used 10303K, capacity 11305K, committed 11392K, reserved 1048576K
Event: 1284.757 GC heap after
Heap after GC invocations=81 (full 10):
 PSYoungGen      total 517632K, used 75771K [0x00000000d5580000, 0x00000000ff400000, 0x0000000100000000)
  eden space 348672K, 0% used [0x00000000d5580000,0x00000000d5580000,0x00000000eaa00000)
  from space 168960K, 44% used [0x00000000eaa00000,0x00000000ef3fec20,0x00000000f4f00000)
  to   space 160768K, 0% used [0x00000000f5700000,0x00000000f5700000,0x00000000ff400000)
 ParOldGen       total 349696K, used 190903K [0x0000000080000000, 0x0000000095580000, 0x00000000d5580000)
  object space 349696K, 54% used [0x0000000080000000,0x000000008ba6df40,0x0000000095580000)
 Metaspace       used 84730K, capacity 89800K, committed 89984K, reserved 1128448K
  class space    used 10303K, capacity 11305K, committed 11392K, reserved 1048576K
}
Event: 1299.942 GC heap before
{Heap before GC invocations=82 (full 10):
 PSYoungGen      total 517632K, used 424443K [0x00000000d5580000, 0x00000000ff400000, 0x0000000100000000)
  eden space 348672K, 100% used [0x00000000d5580000,0x00000000eaa00000,0x00000000eaa00000)
  from space 168960K, 44% used [0x00000000eaa00000,0x00000000ef3fec20,0x00000000f4f00000)
  to   space 160768K, 0% used [0x00000000f5700000,0x00000000f5700000,0x00000000ff400000)
 ParOldGen       total 349696K, used 190903K [0x0000000080000000, 0x0000000095580000, 0x00000000d5580000)
  object space 349696K, 54% used [0x0000000080000000,0x000000008ba6df40,0x0000000095580000)
 Metaspace       used 84732K, capacity 89800K, committed 89984K, reserved 1128448K
  class space    used 10303K, capacity 11305K, committed 11392K, reserved 1048576K
Event: 1300.013 GC heap after
Heap after GC invocations=82 (full 10):
 PSYoungGen      total 525824K, used 96955K [0x00000000d5580000, 0x00000000ff800000, 0x0000000100000000)
  eden space 365056K, 0% used [0x00000000d5580000,0x00000000d5580000,0x00000000eba00000)
  from space 160768K, 60% used [0x00000000f5700000,0x00000000fb5aee90,0x00000000ff400000)
  to   space 160768K, 0% used [0x00000000eba00000,0x00000000eba00000,0x00000000f5700000)
 ParOldGen       total 349696K, used 190903K [0x0000000080000000, 0x0000000095580000, 0x00000000d5580000)
  object space 349696K, 54% used [0x0000000080000000,0x000000008ba6df40,0x0000000095580000)
 Metaspace       used 84732K, capacity 89800K, committed 89984K, reserved 1128448K
  class space    used 10303K, capacity 11305K, committed 11392K, reserved 1048576K
}
Event: 1308.912 GC heap before
{Heap before GC invocations=83 (full 10):
 PSYoungGen      total 525824K, used 462011K [0x00000000d5580000, 0x00000000ff800000, 0x0000000100000000)
  eden space 365056K, 100% used [0x00000000d5580000,0x00000000eba00000,0x00000000eba00000)
  from space 160768K, 60% used [0x00000000f5700000,0x00000000fb5aee90,0x00000000ff400000)
  to   space 160768K, 0% used [0x00000000eba00000,0x00000000eba00000,0x00000000f5700000)
 ParOldGen       total 349696K, used 190903K [0x0000000080000000, 0x0000000095580000, 0x00000000d5580000)
  object space 349696K, 54% used [0x0000000080000000,0x000000008ba6df40,0x0000000095580000)
 Metaspace       used 84743K, capacity 89800K, committed 89984K, reserved 1128448K
  class space    used 10303K, capacity 11305K, committed 11392K, reserved 1048576K
Event: 1308.946 GC heap after
Heap after GC invocations=83 (full 10):
 PSYoungGen      total 525824K, used 66096K [0x00000000d5580000, 0x00000000ff200000, 0x0000000100000000)
  eden space 365056K, 0% used [0x00000000d5580000,0x00000000d5580000,0x00000000eba00000)
  from space 160768K, 41% used [0x00000000eba00000,0x00000000efa8c070,0x00000000f5700000)
  to   space 153600K, 0% used [0x00000000f5c00000,0x00000000f5c00000,0x00000000ff200000)
 ParOldGen       total 349696K, used 190903K [0x0000000080000000, 0x0000000095580000, 0x00000000d5580000)
  object space 349696K, 54% used [0x0000000080000000,0x000000008ba6df40,0x0000000095580000)
 Metaspace       used 84743K, capacity 89800K, committed 89984K, reserved 1128448K
  class space    used 10303K, capacity 11305K, committed 11392K, reserved 1048576K
}
Event: 1317.033 GC heap before
{Heap before GC invocations=84 (full 10):
 PSYoungGen      total 525824K, used 431152K [0x00000000d5580000, 0x00000000ff200000, 0x0000000100000000)
  eden space 365056K, 100% used [0x00000000d5580000,0x00000000eba00000,0x00000000eba00000)
  from space 160768K, 41% used [0x00000000eba00000,0x00000000efa8c070,0x00000000f5700000)
  to   space 153600K, 0% used [0x00000000f5c00000,0x00000000f5c00000,0x00000000ff200000)
 ParOldGen       total 349696K, used 190903K [0x0000000080000000, 0x0000000095580000, 0x00000000d5580000)
  object space 349696K, 54% used [0x0000000080000000,0x000000008ba6df40,0x0000000095580000)
 Metaspace       used 84860K, capacity 89982K, committed 90240K, reserved 1128448K
  class space    used 10315K, capacity 11343K, committed 11392K, reserved 1048576K
Event: 1317.070 GC heap after
Heap after GC invocations=84 (full 10):
 PSYoungGen      total 525824K, used 74733K [0x00000000d5580000, 0x00000000fe800000, 0x0000000100000000)
  eden space 382464K, 0% used [0x00000000d5580000,0x00000000d5580000,0x00000000ecb00000)
  from space 143360K, 52% used [0x00000000f5c00000,0x00000000fa4fb740,0x00000000fe800000)
  to   space 145920K, 0% used [0x00000000ecb00000,0x00000000ecb00000,0x00000000f5980000)
 ParOldGen       total 349696K, used 190903K [0x0000000080000000, 0x0000000095580000, 0x00000000d5580000)
  object space 349696K, 54% used [0x0000000080000000,0x000000008ba6df40,0x0000000095580000)
 Metaspace       used 84860K, capacity 89982K, committed 90240K, reserved 1128448K
  class space    used 10315K, capacity 11343K, committed 11392K, reserved 1048576K
}

Deoptimization events (10 events):
Event: 1244.970 Thread 0x000000001df5f000 Uncommon trap: reason=null_check action=make_not_entrant pc=0x00000000064509b8 method=org.apache.tools.ant.PropertyHelper.add(Lorg/apache/tools/ant/PropertyHelper$Delegate;)V @ 46
Event: 1298.203 Thread 0x000000001df5f000 Uncommon trap: reason=array_check action=maybe_recompile pc=0x0000000005ee9204 method=com.google.common.collect.SingletonImmutableList.copyIntoArray([Ljava/lang/Object;I)I @ 6
Event: 1298.229 Thread 0x000000001df5f000 Uncommon trap: reason=class_check action=maybe_recompile pc=0x0000000005907d94 method=com.google.common.collect.ImmutableListMultimap.copyOf(Lcom/google/common/collect/Multimap;)Lcom/google/common/collect/ImmutableListMultimap; @ 94
Event: 1299.728 Thread 0x000000001df5f000 Uncommon trap: reason=array_check action=maybe_recompile pc=0x000000000871a82c method=java.util.ComparableTimSort.mergeHi(IIII)V @ 521
Event: 1299.728 Thread 0x000000001df5f000 Uncommon trap: reason=array_check action=maybe_recompile pc=0x0000000005a459b8 method=java.util.ComparableTimSort.mergeLo(IIII)V @ 133
Event: 1299.728 Thread 0x000000001df5f000 Uncommon trap: reason=array_check action=maybe_recompile pc=0x0000000005a4575c method=java.util.ComparableTimSort.mergeLo(IIII)V @ 465
Event: 1299.728 Thread 0x000000001df5f000 Uncommon trap: reason=array_check action=maybe_recompile pc=0x000000000871a82c method=java.util.ComparableTimSort.mergeHi(IIII)V @ 521
Event: 1299.728 Thread 0x000000001df5f000 Uncommon trap: reason=array_check action=maybe_recompile pc=0x0000000005a4575c method=java.util.ComparableTimSort.mergeLo(IIII)V @ 465
Event: 1299.734 Thread 0x000000001df5f000 Uncommon trap: reason=array_check action=maybe_recompile pc=0x000000000802cc58 method=java.util.ComparableTimSort.mergeHi(IIII)V @ 654
Event: 1346.112 Thread 0x000000001df5f000 Uncommon trap: reason=bimorphic action=maybe_recompile pc=0x00000000050a5adc method=org.gradle.logging.internal.AbstractStyledTextOutput.text(Ljava/lang/Object;)Lorg/gradle/logging/StyledTextOutput; @ 11

Internal exceptions (10 events):
Event: 1158.144 Thread 0x000000001df5f000 Exception <a 'java/net/SocketTimeoutException': Read timed out> (0x00000000dd13c708) thrown at [C:\re\workspace\8-2-build-windows-amd64-cygwin\jdk8u51\3951\hotspot\src\share\vm\prims\jni.cpp, line 735]
Event: 1188.705 Thread 0x000000001df5f000 Implicit null exception at 0x00000000083e2158 to 0x00000000083e28ad
Event: 1188.995 Thread 0x000000001df5f000 Exception <a 'java/io/FileNotFoundException'> (0x00000000e562b378) thrown at [C:\re\workspace\8-2-build-windows-amd64-cygwin\jdk8u51\3951\hotspot\src\share\vm\prims\jni.cpp, line 709]
Event: 1244.395 Thread 0x000000001df5f000 Exception <a 'java/lang/ClassNotFoundException': asLocalRepo613_8k4h3js304488gpl3hrgipqpuBeanInfo> (0x00000000d5645928) thrown at [C:\re\workspace\8-2-build-windows-amd64-cygwin\jdk8u51\3951\hotspot\src\share\vm\classfile\systemDictionary.cpp, line 210]
Event: 1244.396 Thread 0x000000001df5f000 Exception <a 'java/lang/ClassNotFoundException': asLocalRepo613_8k4h3js304488gpl3hrgipqpuCustomizer> (0x00000000d564e620) thrown at [C:\re\workspace\8-2-build-windows-amd64-cygwin\jdk8u51\3951\hotspot\src\share\vm\classfile\systemDictionary.cpp, line 210]
Event: 1244.970 Thread 0x000000001df5f000 Implicit null exception at 0x000000000644ef97 to 0x00000000064509ad
Event: 1266.095 Thread 0x000000001df5f000 Exception <a 'java/net/ConnectException': Connection timed out: connect> (0x00000000dcb68358) thrown at [C:\re\workspace\8-2-build-windows-amd64-cygwin\jdk8u51\3951\hotspot\src\share\vm\prims\jni.cpp, line 735]
Event: 1269.440 Thread 0x000000001df5f000 Exception <a 'java/net/SocketTimeoutException': Read timed out> (0x00000000dccac838) thrown at [C:\re\workspace\8-2-build-windows-amd64-cygwin\jdk8u51\3951\hotspot\src\share\vm\prims\jni.cpp, line 735]
Event: 1269.674 Thread 0x000000001df5f000 Exception <a 'java/net/SocketTimeoutException': Read timed out> (0x00000000dccb0f60) thrown at [C:\re\workspace\8-2-build-windows-amd64-cygwin\jdk8u51\3951\hotspot\src\share\vm\prims\jni.cpp, line 735]
Event: 1274.869 Thread 0x000000001df5f000 Exception <a 'java/net/SocketTimeoutException': Read timed out> (0x00000000dcdfbe50) thrown at [C:\re\workspace\8-2-build-windows-amd64-cygwin\jdk8u51\3951\hotspot\src\share\vm\prims\jni.cpp, line 735]

Events (10 events):
Event: 1346.110 Executing VM operation: RevokeBias done
Event: 1346.110 Executing VM operation: RevokeBias
Event: 1346.111 Executing VM operation: RevokeBias done
Event: 1346.112 Thread 0x000000001df5f000 Uncommon trap: trap_request=0xffffffc6 fr.pc=0x00000000050a5adc
Event: 1346.112 Thread 0x000000001df5f000 DEOPT PACKING pc=0x00000000050a5adc sp=0x000000001cdcd410
Event: 1346.112 Thread 0x000000001df5f000 DEOPT UNPACKING pc=0x000000000301582a sp=0x000000001cdcd3c0 mode 2
Event: 1346.144 Thread 0x00000000230b2000 Thread added: 0x00000000230b2000
Event: 1346.144 Thread 0x00000000230b1000 Thread added: 0x00000000230b1000
Event: 1346.144 Thread 0x00000000230b5000 Thread added: 0x00000000230b5000
Event: 1346.144 Thread 0x00000000230bc800 Thread added: 0x00000000230bc800


Dynamic libraries:
0x00007ff73fdc0000 - 0x00007ff73fdf7000 	E:\Java\jdk1.8.0_51\bin\java.exe
0x00007ffde5520000 - 0x00007ffde56c9000 	C:\Windows\SYSTEM32\ntdll.dll
0x00007ffde2e10000 - 0x00007ffde2f49000 	C:\Windows\system32\KERNEL32.DLL
0x00007ffde2b50000 - 0x00007ffde2c5e000 	C:\Windows\system32\KERNELBASE.dll
0x00007ffde5380000 - 0x00007ffde5425000 	C:\Windows\system32\ADVAPI32.dll
0x00007ffde2f60000 - 0x00007ffde30d1000 	C:\Windows\system32\USER32.dll
0x00007ffde0090000 - 0x00007ffde02ea000 	C:\Windows\WinSxS\amd64_microsoft.windows.common-controls_6595b64144ccf1df_6.0.9600.16384_none_62475f7becb72503\COMCTL32.dll
0x00007ffde3530000 - 0x00007ffde35d7000 	C:\Windows\system32\msvcrt.dll
0x00007ffde32f0000 - 0x00007ffde3347000 	C:\Windows\SYSTEM32\sechost.dll
0x00007ffde50c0000 - 0x00007ffde51f6000 	C:\Windows\system32\RPCRT4.dll
0x00007ffde4f70000 - 0x00007ffde50b5000 	C:\Windows\system32\GDI32.dll
0x00007ffde54d0000 - 0x00007ffde5504000 	C:\Windows\system32\IMM32.DLL
0x00007ffde4e30000 - 0x00007ffde4f69000 	C:\Windows\system32\MSCTF.dll
0x0000000069710000 - 0x00000000697e2000 	E:\Java\jdk1.8.0_51\jre\bin\msvcr100.dll
0x00000000697f0000 - 0x000000006a073000 	E:\Java\jdk1.8.0_51\jre\bin\server\jvm.dll
0x00007ffdda5d0000 - 0x00007ffdda5d9000 	C:\Windows\SYSTEM32\WSOCK32.dll
0x00007ffddfc20000 - 0x00007ffddfc3f000 	C:\Windows\SYSTEM32\WINMM.dll
0x00007ffddfc40000 - 0x00007ffddfc4a000 	C:\Windows\SYSTEM32\VERSION.dll
0x00007ffde2f50000 - 0x00007ffde2f57000 	C:\Windows\system32\PSAPI.DLL
0x00007ffde4bf0000 - 0x00007ffde4c48000 	C:\Windows\system32\WS2_32.dll
0x00007ffddfbe0000 - 0x00007ffddfc0a000 	C:\Windows\SYSTEM32\WINMMBASE.dll
0x00007ffde52c0000 - 0x00007ffde52c9000 	C:\Windows\system32\NSI.dll
0x00007ffde2d10000 - 0x00007ffde2d5a000 	C:\Windows\SYSTEM32\cfgmgr32.dll
0x00007ffde1730000 - 0x00007ffde1756000 	C:\Windows\SYSTEM32\DEVOBJ.dll
0x0000000069700000 - 0x000000006970f000 	E:\Java\jdk1.8.0_51\jre\bin\verify.dll
0x00000000696d0000 - 0x00000000696f9000 	E:\Java\jdk1.8.0_51\jre\bin\java.dll
0x00000000696b0000 - 0x00000000696c6000 	E:\Java\jdk1.8.0_51\jre\bin\zip.dll
0x00007ffde35e0000 - 0x00007ffde49ed000 	C:\Windows\system32\SHELL32.dll
0x00007ffde4c50000 - 0x00007ffde4e27000 	C:\Windows\SYSTEM32\combase.dll
0x00007ffde2db0000 - 0x00007ffde2e01000 	C:\Windows\system32\SHLWAPI.dll
0x00007ffde0ed0000 - 0x00007ffde0f71000 	C:\Windows\SYSTEM32\SHCORE.dll
0x00007ffde28a0000 - 0x00007ffde28b4000 	C:\Windows\SYSTEM32\profapi.dll
0x0000000069690000 - 0x00000000696aa000 	E:\Java\jdk1.8.0_51\jre\bin\net.dll
0x00007ffde2100000 - 0x00007ffde2158000 	C:\Windows\system32\mswsock.dll
0x0000000069670000 - 0x0000000069681000 	E:\Java\jdk1.8.0_51\jre\bin\nio.dll
0x00007ffddc5f0000 - 0x00007ffddc602000 	C:\Users\Administrator\.gradle\native\19\windows-amd64\native-platform.dll
0x00007ffdde160000 - 0x00007ffdde189000 	C:\Windows\SYSTEM32\IPHLPAPI.DLL
0x00007ffdde150000 - 0x00007ffdde15a000 	C:\Windows\SYSTEM32\WINNSI.DLL
0x00007ffdddfa0000 - 0x00007ffdddfb4000 	C:\Windows\SYSTEM32\dhcpcsvc6.DLL
0x00007ffdddd10000 - 0x00007ffdddd29000 	C:\Windows\SYSTEM32\dhcpcsvc.DLL
0x00007ffde2160000 - 0x00007ffde217e000 	C:\Windows\SYSTEM32\CRYPTSP.dll
0x00007ffde1da0000 - 0x00007ffde1dd5000 	C:\Windows\system32\rsaenh.dll
0x00007ffde23b0000 - 0x00007ffde23d6000 	C:\Windows\SYSTEM32\bcrypt.dll
0x00007ffde1eb0000 - 0x00007ffde1ecf000 	C:\Windows\SYSTEM32\USERENV.dll
0x00007ffde26b0000 - 0x00007ffde270e000 	C:\Windows\system32\bcryptprimitives.dll
0x00007ffde2710000 - 0x00007ffde271a000 	C:\Windows\SYSTEM32\CRYPTBASE.dll
0x0000000069470000 - 0x000000006947d000 	E:\Java\jdk1.8.0_51\jre\bin\management.dll
0x00000000693a0000 - 0x00000000693c4000 	E:\Java\jdk1.8.0_51\jre\bin\sunec.dll
0x00007ffde1f10000 - 0x00007ffde1fb3000 	C:\Windows\SYSTEM32\DNSAPI.dll
0x00007ffdd8680000 - 0x00007ffdd8689000 	C:\Windows\System32\rasadhlp.dll
0x00007ffdde0e0000 - 0x00007ffdde147000 	C:\Windows\System32\fwpuclnt.dll
0x00007ffdd5b40000 - 0x00007ffdd5b54000 	C:\Windows\system32\napinsp.dll
0x00007ffdd5900000 - 0x00007ffdd5919000 	C:\Windows\system32\pnrpnsp.dll
0x00007ffddfa70000 - 0x00007ffddfa89000 	C:\Windows\system32\NLAapi.dll
0x00007ffdd58f0000 - 0x00007ffdd58fc000 	C:\Windows\System32\winrnr.dll
0x00007ffdd58d0000 - 0x00007ffdd58e3000 	C:\Windows\system32\wshbth.dll
0x00007ffdd2850000 - 0x00007ffdd29d8000 	C:\Windows\SYSTEM32\dbghelp.dll

VM Arguments:
jvm_args: -XX:MaxPermSize=512m -XX:+HeapDumpOnOutOfMemoryError -Xmx2048m -Dfile.encoding=UTF-8 -Duser.country=CN -Duser.language=zh -Duser.variant 
java_command: org.gradle.launcher.daemon.bootstrap.GradleDaemon 2.10
java_class_path (initial): C:\Users\Administrator\.gradle\wrapper\dists\gradle-2.10-all\a4w5fzrkeut1ox71xslb49gst\gradle-2.10\lib\gradle-launcher-2.10.jar
Launcher Type: SUN_STANDARD

Environment Variables:
JAVA_HOME=E:\Java\jdk1.8.0_51
CLASSPATH=.
PATH=C:\Program Files (x86)\NVIDIA Corporation\PhysX\Common;C:\ProgramData\Oracle\Java\javapath;C:\Windows\system32;C:\Windows;C:\Windows\System32\Wbem;C:\Windows\System32\WindowsPowerShell\v1.0\;C:\Program Files\Intel\WiFi\bin\;C:\Program Files\Common Files\Intel\WirelessCommon\;E:\Java\jdk1.8.0_51/bin;E:\Android\sdk\platform-tools;E:\Android\sdk\tools;C:\Program Files\Intel\WiFi\bin\;C:\Program Files\Common Files\Intel\WirelessCommon\;C:\Users\Administrator\.gradle\wrapper\dists\gradle-2.10-all\a4w5fzrkeut1ox71xslb49gst\gradle-2.10/bin
USERNAME=Administrator
OS=Windows_NT
PROCESSOR_IDENTIFIER=Intel64 Family 6 Model 71 Stepping 1, GenuineIntel



---------------  S Y S T E M  ---------------

OS: Windows 8.1 , 64 bit Build 9600 (6.3.9600.16656)

CPU:total 8 (4 cores per cpu, 2 threads per core) family 6 model 71 stepping 1, cmov, cx8, fxsr, mmx, sse, sse2, sse3, ssse3, sse4.1, sse4.2, popcnt, avx, avx2, aes, clmul, erms, 3dnowpref, lzcnt, ht, tsc, tscinvbit, bmi1, bmi2, adx

Memory: 4k page, physical 8301208k(2213404k free), swap 8301208k(5068k free)

vm_info: Java HotSpot(TM) 64-Bit Server VM (25.51-b03) for windows-amd64 JRE (1.8.0_51-b16), built on Jun  8 2015 18:03:07 by "java_re" with MS VC++ 10.0 (VS2010)

time: Fri Jun 24 20:08:35 2016
elapsed time: 1346 seconds (0d 0h 22m 26s)

